# JRE version: OpenJDK Runtime Environment (8.0_152-b06) (build 1.8.0_152-release-1136-b06)
# Java VM: OpenJDK 64-Bit Server VM (25.152-b06 mixed mode windows-amd64 compressed oops)
Heap:
 PSYoungGen      total 77312K, used 58510K [0x00000000e0000000, 0x00000000e5b00000, 0x0000000100000000)
  eden space 66560K, 87% used [0x00000000e0000000,0x00000000e3923b88,0x00000000e4100000)
  from space 10752K, 0% used [0x00000000e4c00000,0x00000000e4c00000,0x00000000e5680000)
  to   space 11264K, 0% used [0x00000000e4100000,0x00000000e4100000,0x00000000e4c00000)
 ParOldGen       total 65024K, used 14906K [0x00000000a0000000, 0x00000000a3f80000, 0x00000000e0000000)
  object space 65024K, 22% used [0x00000000a0000000,0x00000000a0e8eb28,0x00000000a3f80000)
 Metaspace       used 38367K, capacity 39080K, committed 39296K, reserved 1083392K
  class space    used 5238K, capacity 5469K, committed 5504K, reserved 1048576K
GC Heap History (10 events):
Event: 9.218 GC heap before
{Heap before GC invocations=8 (full 1):
 PSYoungGen      total 43008K, used 36739K [0x00000000e0000000, 0x00000000e4300000, 0x0000000100000000)
  eden space 32768K, 100% used [0x00000000e0000000,0x00000000e2000000,0x00000000e2000000)
  from space 10240K, 38% used [0x00000000e2a00000,0x00000000e2de0c80,0x00000000e3400000)
  to   space 10240K, 0% used [0x00000000e2000000,0x00000000e2000000,0x00000000e2a00000)
 ParOldGen       total 65024K, used 8429K [0x00000000a0000000, 0x00000000a3f80000, 0x00000000e0000000)
  object space 65024K, 12% used [0x00000000a0000000,0x00000000a083b788,0x00000000a3f80000)
 Metaspace       used 26559K, capacity 27042K, committed 27392K, reserved 1073152K
  class space    used 3637K, capacity 3801K, committed 3840K, reserved 1048576K
Event: 9.222 GC heap after
Heap after GC invocations=8 (full 1):
 PSYoungGen      total 43008K, used 5154K [0x00000000e0000000, 0x00000000e4500000, 0x0000000100000000)
  eden space 32768K, 0% used [0x00000000e0000000,0x00000000e0000000,0x00000000e2000000)
  from space 10240K, 50% used [0x00000000e2000000,0x00000000e2508998,0x00000000e2a00000)
  to   space 10240K, 0% used [0x00000000e3b00000,0x00000000e3b00000,0x00000000e4500000)
 ParOldGen       total 65024K, used 8437K [0x00000000a0000000, 0x00000000a3f80000, 0x00000000e0000000)
  object space 65024K, 12% used [0x00000000a0000000,0x00000000a083d788,0x00000000a3f80000)
 Metaspace       used 26559K, capacity 27042K, committed 27392K, reserved 1073152K
  class space    used 3637K, capacity 3801K, committed 3840K, reserved 1048576K
}
Event: 9.576 GC heap before
{Heap before GC invocations=9 (full 1):
 PSYoungGen      total 43008K, used 37922K [0x00000000e0000000, 0x00000000e4500000, 0x0000000100000000)
  eden space 32768K, 100% used [0x00000000e0000000,0x00000000e2000000,0x00000000e2000000)
  from space 10240K, 50% used [0x00000000e2000000,0x00000000e2508998,0x00000000e2a00000)
  to   space 10240K, 0% used [0x00000000e3b00000,0x00000000e3b00000,0x00000000e4500000)
 ParOldGen       total 65024K, used 8437K [0x00000000a0000000, 0x00000000a3f80000, 0x00000000e0000000)
  object space 65024K, 12% used [0x00000000a0000000,0x00000000a083d788,0x00000000a3f80000)
 Metaspace       used 28481K, capacity 29000K, committed 29312K, reserved 1075200K
  class space    used 3981K, capacity 4155K, committed 4224K, reserved 1048576K
Event: 9.590 GC heap after
Heap after GC invocations=9 (full 1):
 PSYoungGen      total 60928K, used 5934K [0x00000000e0000000, 0x00000000e4580000, 0x0000000100000000)
  eden space 50688K, 0% used [0x00000000e0000000,0x00000000e0000000,0x00000000e3180000)
  from space 10240K, 57% used [0x00000000e3b00000,0x00000000e40cb820,0x00000000e4500000)
  to   space 9728K, 0% used [0x00000000e3180000,0x00000000e3180000,0x00000000e3b00000)
 ParOldGen       total 65024K, used 8445K [0x00000000a0000000, 0x00000000a3f80000, 0x00000000e0000000)
  object space 65024K, 12% used [0x00000000a0000000,0x00000000a083f788,0x00000000a3f80000)
 Metaspace       used 28481K, capacity 29000K, committed 29312K, reserved 1075200K
  class space    used 3981K, capacity 4155K, committed 4224K, reserved 1048576K
}
Event: 11.457 GC heap before
{Heap before GC invocations=10 (full 1):
 PSYoungGen      total 60928K, used 56622K [0x00000000e0000000, 0x00000000e4580000, 0x0000000100000000)
  eden space 50688K, 100% used [0x00000000e0000000,0x00000000e3180000,0x00000000e3180000)
  from space 10240K, 57% used [0x00000000e3b00000,0x00000000e40cb820,0x00000000e4500000)
  to   space 9728K, 0% used [0x00000000e3180000,0x00000000e3180000,0x00000000e3b00000)
 ParOldGen       total 65024K, used 8445K [0x00000000a0000000, 0x00000000a3f80000, 0x00000000e0000000)
  object space 65024K, 12% used [0x00000000a0000000,0x00000000a083f788,0x00000000a3f80000)
 Metaspace       used 33246K, capacity 33874K, committed 34176K, reserved 1079296K
  class space    used 4648K, capacity 4866K, committed 4992K, reserved 1048576K
Event: 11.465 GC heap after
Heap after GC invocations=10 (full 1):
 PSYoungGen      total 60416K, used 9711K [0x00000000e0000000, 0x00000000e5680000, 0x0000000100000000)
  eden space 50688K, 0% used [0x00000000e0000000,0x00000000e0000000,0x00000000e3180000)
  from space 9728K, 99% used [0x00000000e3180000,0x00000000e3afbfe8,0x00000000e3b00000)
  to   space 10752K, 0% used [0x00000000e4c00000,0x00000000e4c00000,0x00000000e5680000)
 ParOldGen       total 65024K, used 8525K [0x00000000a0000000, 0x00000000a3f80000, 0x00000000e0000000)
  object space 65024K, 13% used [0x00000000a0000000,0x00000000a08537e8,0x00000000a3f80000)
 Metaspace       used 33246K, capacity 33874K, committed 34176K, reserved 1079296K
  class space    used 4648K, capacity 4866K, committed 4992K, reserved 1048576K
}
Event: 11.660 GC heap before
{Heap before GC invocations=11 (full 1):
 PSYoungGen      total 60416K, used 19332K [0x00000000e0000000, 0x00000000e5680000, 0x0000000100000000)
  eden space 50688K, 18% used [0x00000000e0000000,0x00000000e0965020,0x00000000e3180000)
  from space 9728K, 99% used [0x00000000e3180000,0x00000000e3afbfe8,0x00000000e3b00000)
  to   space 10752K, 0% used [0x00000000e4c00000,0x00000000e4c00000,0x00000000e5680000)
 ParOldGen       total 65024K, used 8525K [0x00000000a0000000, 0x00000000a3f80000, 0x00000000e0000000)
  object space 65024K, 13% used [0x00000000a0000000,0x00000000a08537e8,0x00000000a3f80000)
 Metaspace       used 34632K, capacity 35250K, committed 35416K, reserved 1079296K
  class space    used 4795K, capacity 5026K, committed 5120K, reserved 1048576K
Event: 11.665 GC heap after
Heap after GC invocations=11 (full 1):
 PSYoungGen      total 77312K, used 8302K [0x00000000e0000000, 0x00000000e5b00000, 0x0000000100000000)
  eden space 66560K, 0% used [0x00000000e0000000,0x00000000e0000000,0x00000000e4100000)
  from space 10752K, 77% used [0x00000000e4c00000,0x00000000e541bae8,0x00000000e5680000)
  to   space 11264K, 0% used [0x00000000e4100000,0x00000000e4100000,0x00000000e4c00000)
 ParOldGen       total 65024K, used 8533K [0x00000000a0000000, 0x00000000a3f80000, 0x00000000e0000000)
  object space 65024K, 13% used [0x00000000a0000000,0x00000000a08557e8,0x00000000a3f80000)
 Metaspace       used 34632K, capacity 35250K, committed 35416K, reserved 1079296K
  class space    used 4795K, capacity 5026K, committed 5120K, reserved 1048576K
}
Event: 11.665 GC heap before
{Heap before GC invocations=12 (full 2):
 PSYoungGen      total 77312K, used 8302K [0x00000000e0000000, 0x00000000e5b00000, 0x0000000100000000)
  eden space 66560K, 0% used [0x00000000e0000000,0x00000000e0000000,0x00000000e4100000)
  from space 10752K, 77% used [0x00000000e4c00000,0x00000000e541bae8,0x00000000e5680000)
  to   space 11264K, 0% used [0x00000000e4100000,0x00000000e4100000,0x00000000e4c00000)
 ParOldGen       total 65024K, used 8533K [0x00000000a0000000, 0x00000000a3f80000, 0x00000000e0000000)
  object space 65024K, 13% used [0x00000000a0000000,0x00000000a08557e8,0x00000000a3f80000)
 Metaspace       used 34632K, capacity 35250K, committed 35416K, reserved 1079296K
  class space    used 4795K, capacity 5026K, committed 5120K, reserved 1048576K
Event: 11.728 GC heap after
Heap after GC invocations=12 (full 2):
 PSYoungGen      total 77312K, used 0K [0x00000000e0000000, 0x00000000e5b00000, 0x0000000100000000)
  eden space 66560K, 0% used [0x00000000e0000000,0x00000000e0000000,0x00000000e4100000)
  from space 10752K, 0% used [0x00000000e4c00000,0x00000000e4c00000,0x00000000e5680000)
  to   space 11264K, 0% used [0x00000000e4100000,0x00000000e4100000,0x00000000e4c00000)
 ParOldGen       total 65024K, used 14906K [0x00000000a0000000, 0x00000000a3f80000, 0x00000000e0000000)
  object space 65024K, 22% used [0x00000000a0000000,0x00000000a0e8eb28,0x00000000a3f80000)
 Metaspace       used 34632K, capacity 35250K, committed 35416K, reserved 1079296K
  class space    used 4795K, capacity 5026K, committed 5120K, reserved 1048576K
}

