# JRE version: OpenJDK Runtime Environment (8.0_152-b06) (build 1.8.0_152-release-1136-b06)
# Java VM: OpenJDK 64-Bit Server VM (25.152-b06 mixed mode windows-amd64 compressed oops)
Heap:
 PSYoungGen      total 161280K, used 66403K [0x00000000e0000000, 0x00000000ecf00000, 0x0000000100000000)
  eden space 138240K, 31% used [0x00000000e0000000,0x00000000e2a93b08,0x00000000e8700000)
  from space 23040K, 98% used [0x00000000e8700000,0x00000000e9d45140,0x00000000e9d80000)
  to   space 26112K, 0% used [0x00000000eb580000,0x00000000eb580000,0x00000000ecf00000)
 ParOldGen       total 154112K, used 41127K [0x00000000a0000000, 0x00000000a9680000, 0x00000000e0000000)
  object space 154112K, 26% used [0x00000000a0000000,0x00000000a2829d40,0x00000000a9680000)
 Metaspace       used 78370K, capacity 81650K, committed 81792K, reserved 1120256K
  class space    used 10410K, capacity 11073K, committed 11136K, reserved 1048576K
GC Heap History (10 events):
Event: 8.099 GC heap before
{Heap before GC invocations=14 (full 2):
 PSYoungGen      total 111616K, used 111612K [0x00000000e0000000, 0x00000000e9400000, 0x0000000100000000)
  eden space 100352K, 100% used [0x00000000e0000000,0x00000000e6200000,0x00000000e6200000)
  from space 11264K, 99% used [0x00000000e6200000,0x00000000e6cff3f8,0x00000000e6d00000)
  to   space 14848K, 0% used [0x00000000e8580000,0x00000000e8580000,0x00000000e9400000)
 ParOldGen       total 94208K, used 21532K [0x00000000a0000000, 0x00000000a5c00000, 0x00000000e0000000)
  object space 94208K, 22% used [0x00000000a0000000,0x00000000a1507260,0x00000000a5c00000)
 Metaspace       used 54261K, capacity 55924K, committed 56064K, reserved 1097728K
  class space    used 7445K, capacity 7850K, committed 7936K, reserved 1048576K
Event: 8.114 GC heap after
Heap after GC invocations=14 (full 2):
 PSYoungGen      total 132608K, used 14845K [0x00000000e0000000, 0x00000000e9e80000, 0x0000000100000000)
  eden space 117760K, 0% used [0x00000000e0000000,0x00000000e0000000,0x00000000e7300000)
  from space 14848K, 99% used [0x00000000e8580000,0x00000000e93ff4e0,0x00000000e9400000)
  to   space 18944K, 0% used [0x00000000e7300000,0x00000000e7300000,0x00000000e8580000)
 ParOldGen       total 94208K, used 28051K [0x00000000a0000000, 0x00000000a5c00000, 0x00000000e0000000)
  object space 94208K, 29% used [0x00000000a0000000,0x00000000a1b64cb0,0x00000000a5c00000)
 Metaspace       used 54261K, capacity 55924K, committed 56064K, reserved 1097728K
  class space    used 7445K, capacity 7850K, committed 7936K, reserved 1048576K
}
Event: 13.787 GC heap before
{Heap before GC invocations=15 (full 2):
 PSYoungGen      total 132608K, used 120826K [0x00000000e0000000, 0x00000000e9e80000, 0x0000000100000000)
  eden space 117760K, 89% used [0x00000000e0000000,0x00000000e677f648,0x00000000e7300000)
  from space 14848K, 99% used [0x00000000e8580000,0x00000000e93ff4e0,0x00000000e9400000)
  to   space 18944K, 0% used [0x00000000e7300000,0x00000000e7300000,0x00000000e8580000)
 ParOldGen       total 94208K, used 28051K [0x00000000a0000000, 0x00000000a5c00000, 0x00000000e0000000)
  object space 94208K, 29% used [0x00000000a0000000,0x00000000a1b64cb0,0x00000000a5c00000)
 Metaspace       used 57176K, capacity 58908K, committed 59008K, reserved 1099776K
  class space    used 7817K, capacity 8261K, committed 8320K, reserved 1048576K
Event: 13.801 GC heap after
Heap after GC invocations=15 (full 2):
 PSYoungGen      total 136704K, used 18927K [0x00000000e0000000, 0x00000000eb880000, 0x0000000100000000)
  eden space 117760K, 0% used [0x00000000e0000000,0x00000000e0000000,0x00000000e7300000)
  from space 18944K, 99% used [0x00000000e7300000,0x00000000e857bef0,0x00000000e8580000)
  to   space 23552K, 0% used [0x00000000ea180000,0x00000000ea180000,0x00000000eb880000)
 ParOldGen       total 94208K, used 33317K [0x00000000a0000000, 0x00000000a5c00000, 0x00000000e0000000)
  object space 94208K, 35% used [0x00000000a0000000,0x00000000a20895c8,0x00000000a5c00000)
 Metaspace       used 57176K, capacity 58908K, committed 59008K, reserved 1099776K
  class space    used 7817K, capacity 8261K, committed 8320K, reserved 1048576K
}
Event: 13.801 GC heap before
{Heap before GC invocations=16 (full 3):
 PSYoungGen      total 136704K, used 18927K [0x00000000e0000000, 0x00000000eb880000, 0x0000000100000000)
  eden space 117760K, 0% used [0x00000000e0000000,0x00000000e0000000,0x00000000e7300000)
  from space 18944K, 99% used [0x00000000e7300000,0x00000000e857bef0,0x00000000e8580000)
  to   space 23552K, 0% used [0x00000000ea180000,0x00000000ea180000,0x00000000eb880000)
 ParOldGen       total 94208K, used 33317K [0x00000000a0000000, 0x00000000a5c00000, 0x00000000e0000000)
  object space 94208K, 35% used [0x00000000a0000000,0x00000000a20895c8,0x00000000a5c00000)
 Metaspace       used 57176K, capacity 58908K, committed 59008K, reserved 1099776K
  class space    used 7817K, capacity 8261K, committed 8320K, reserved 1048576K
Event: 14.000 GC heap after
Heap after GC invocations=16 (full 3):
 PSYoungGen      total 136704K, used 0K [0x00000000e0000000, 0x00000000eb880000, 0x0000000100000000)
  eden space 117760K, 0% used [0x00000000e0000000,0x00000000e0000000,0x00000000e7300000)
  from space 18944K, 0% used [0x00000000e7300000,0x00000000e7300000,0x00000000e8580000)
  to   space 23552K, 0% used [0x00000000ea180000,0x00000000ea180000,0x00000000eb880000)
 ParOldGen       total 154112K, used 41111K [0x00000000a0000000, 0x00000000a9680000, 0x00000000e0000000)
  object space 154112K, 26% used [0x00000000a0000000,0x00000000a2825d40,0x00000000a9680000)
 Metaspace       used 57176K, capacity 58908K, committed 59008K, reserved 1099776K
  class space    used 7817K, capacity 8261K, committed 8320K, reserved 1048576K
}
Event: 20.865 GC heap before
{Heap before GC invocations=17 (full 3):
 PSYoungGen      total 136704K, used 117760K [0x00000000e0000000, 0x00000000eb880000, 0x0000000100000000)
  eden space 117760K, 100% used [0x00000000e0000000,0x00000000e7300000,0x00000000e7300000)
  from space 18944K, 0% used [0x00000000e7300000,0x00000000e7300000,0x00000000e8580000)
  to   space 23552K, 0% used [0x00000000ea180000,0x00000000ea180000,0x00000000eb880000)
 ParOldGen       total 154112K, used 41111K [0x00000000a0000000, 0x00000000a9680000, 0x00000000e0000000)
  object space 154112K, 26% used [0x00000000a0000000,0x00000000a2825d40,0x00000000a9680000)
 Metaspace       used 64229K, capacity 66138K, committed 66304K, reserved 1105920K
  class space    used 8650K, capacity 9110K, committed 9216K, reserved 1048576K
Event: 20.875 GC heap after
Heap after GC invocations=17 (full 3):
 PSYoungGen      total 157184K, used 13250K [0x00000000e0000000, 0x00000000eb400000, 0x0000000100000000)
  eden space 138240K, 0% used [0x00000000e0000000,0x00000000e0000000,0x00000000e8700000)
  from space 18944K, 69% used [0x00000000ea180000,0x00000000eae70b80,0x00000000eb400000)
  to   space 23040K, 0% used [0x00000000e8700000,0x00000000e8700000,0x00000000e9d80000)
 ParOldGen       total 154112K, used 41119K [0x00000000a0000000, 0x00000000a9680000, 0x00000000e0000000)
  object space 154112K, 26% used [0x00000000a0000000,0x00000000a2827d40,0x00000000a9680000)
 Metaspace       used 64229K, capacity 66138K, committed 66304K, reserved 1105920K
  class space    used 8650K, capacity 9110K, committed 9216K, reserved 1048576K
}
Event: 25.387 GC heap before
{Heap before GC invocations=18 (full 3):
 PSYoungGen      total 157184K, used 151490K [0x00000000e0000000, 0x00000000eb400000, 0x0000000100000000)
  eden space 138240K, 100% used [0x00000000e0000000,0x00000000e8700000,0x00000000e8700000)
  from space 18944K, 69% used [0x00000000ea180000,0x00000000eae70b80,0x00000000eb400000)
  to   space 23040K, 0% used [0x00000000e8700000,0x00000000e8700000,0x00000000e9d80000)
 ParOldGen       total 154112K, used 41119K [0x00000000a0000000, 0x00000000a9680000, 0x00000000e0000000)
  object space 154112K, 26% used [0x00000000a0000000,0x00000000a2827d40,0x00000000a9680000)
 Metaspace       used 76852K, capacity 80016K, committed 80128K, reserved 1118208K
  class space    used 10326K, capacity 10982K, committed 11008K, reserved 1048576K
Event: 25.402 GC heap after
Heap after GC invocations=18 (full 3):
 PSYoungGen      total 161280K, used 22804K [0x00000000e0000000, 0x00000000ecf00000, 0x0000000100000000)
  eden space 138240K, 0% used [0x00000000e0000000,0x00000000e0000000,0x00000000e8700000)
  from space 23040K, 98% used [0x00000000e8700000,0x00000000e9d45140,0x00000000e9d80000)
  to   space 26112K, 0% used [0x00000000eb580000,0x00000000eb580000,0x00000000ecf00000)
 ParOldGen       total 154112K, used 41127K [0x00000000a0000000, 0x00000000a9680000, 0x00000000e0000000)
  object space 154112K, 26% used [0x00000000a0000000,0x00000000a2829d40,0x00000000a9680000)
 Metaspace       used 76852K, capacity 80016K, committed 80128K, reserved 1118208K
  class space    used 10326K, capacity 10982K, committed 11008K, reserved 1048576K
}

